============================= test session starts ==============================
platform darwin -- Python 3.11.14, pytest-8.4.2, pluggy-1.6.0 -- /usr/local/opt/python@3.11/bin/python3.11
cachedir: .pytest_cache
rootdir: /Users/apple/project/runReview
configfile: pytest.ini
plugins: timeout-2.4.0, mock-3.15.1, opik-1.10.39, anyio-4.12.0, flaky-3.8.1, asyncio-1.3.0, langsmith-0.3.45, cov-7.0.0
asyncio: mode=Mode.AUTO, debug=False, asyncio_default_fixture_loop_scope=function, asyncio_default_test_loop_scope=function
collecting ... collected 23 items / 10 errors

==================================== ERRORS ====================================
_______________ ERROR collecting tests/rag/unit/test_chunking.py _______________
ImportError while importing test module '/Users/apple/project/runReview/tests/rag/unit/test_chunking.py'.
Hint: make sure your test modules/packages have valid Python names.
Traceback:
/usr/local/Cellar/python@3.11/3.11.14_1/Frameworks/Python.framework/Versions/3.11/lib/python3.11/importlib/__init__.py:126: in import_module
    return _bootstrap._gcd_import(name[level:], package, level)
           ^^^^^^^^^^^^^^^^^^^^^^^^^^^^^^^^^^^^^^^^^^^^^^^^^^^^
tests/rag/unit/test_chunking.py:7: in <module>
    from app.rag.chunking import CodeChunker
app/rag/chunking/__init__.py:1: in <module>
    from .code_chunker import CodeChunker
app/rag/chunking/code_chunker.py:7: in <module>
    from app.rag.ingestion import ScannedFile
app/rag/ingestion/__init__.py:1: in <module>
    from .scanner import CodebaseScanner, ScannedFile
app/rag/ingestion/scanner.py:11: in <module>
    from app.rag.utils import compute_content_hash, get_logger
app/rag/utils/__init__.py:3: in <module>
    from .tokens import count_tokens, truncate_to_tokens
app/rag/utils/tokens.py:2: in <module>
    from typing import str
E   ImportError: cannot import name 'str' from 'typing' (/usr/local/Cellar/python@3.11/3.11.14_1/Frameworks/Python.framework/Versions/3.11/lib/python3.11/typing.py)
_______________ ERROR collecting tests/rag/unit/test_context.py ________________
ImportError while importing test module '/Users/apple/project/runReview/tests/rag/unit/test_context.py'.
Hint: make sure your test modules/packages have valid Python names.
Traceback:
/usr/local/Cellar/python@3.11/3.11.14_1/Frameworks/Python.framework/Versions/3.11/lib/python3.11/importlib/__init__.py:126: in import_module
    return _bootstrap._gcd_import(name[level:], package, level)
           ^^^^^^^^^^^^^^^^^^^^^^^^^^^^^^^^^^^^^^^^^^^^^^^^^^^^
tests/rag/unit/test_context.py:9: in <module>
    from app.rag.context import ContextualRetriever
app/rag/context/__init__.py:1: in <module>
    from .contextual_retrieval import ContextualRetriever
app/rag/context/contextual_retrieval.py:16: in <module>
    from app.rag.chunking.models import Chunk
app/rag/chunking/__init__.py:1: in <module>
    from .code_chunker import CodeChunker
app/rag/chunking/code_chunker.py:7: in <module>
    from app.rag.ingestion import ScannedFile
app/rag/ingestion/__init__.py:1: in <module>
    from .scanner import CodebaseScanner, ScannedFile
app/rag/ingestion/scanner.py:11: in <module>
    from app.rag.utils import compute_content_hash, get_logger
app/rag/utils/__init__.py:3: in <module>
    from .tokens import count_tokens, truncate_to_tokens
app/rag/utils/tokens.py:2: in <module>
    from typing import str
E   ImportError: cannot import name 'str' from 'typing' (/usr/local/Cellar/python@3.11/3.11.14_1/Frameworks/Python.framework/Versions/3.11/lib/python3.11/typing.py)
______________ ERROR collecting tests/rag/unit/test_embedding.py _______________
ImportError while importing test module '/Users/apple/project/runReview/tests/rag/unit/test_embedding.py'.
Hint: make sure your test modules/packages have valid Python names.
Traceback:
/usr/local/Cellar/python@3.11/3.11.14_1/Frameworks/Python.framework/Versions/3.11/lib/python3.11/importlib/__init__.py:126: in import_module
    return _bootstrap._gcd_import(name[level:], package, level)
           ^^^^^^^^^^^^^^^^^^^^^^^^^^^^^^^^^^^^^^^^^^^^^^^^^^^^
tests/rag/unit/test_embedding.py:9: in <module>
    from app.rag.embedding.openai_embedder import OpenAIEmbedder
app/rag/embedding/__init__.py:2: in <module>
    from .factory import EmbedderFactory
app/rag/embedding/factory.py:9: in <module>
    from .openai_embedder import OpenAIEmbedder
app/rag/embedding/openai_embedder.py:9: in <module>
    from app.rag.utils import get_logger
app/rag/utils/__init__.py:3: in <module>
    from .tokens import count_tokens, truncate_to_tokens
app/rag/utils/tokens.py:2: in <module>
    from typing import str
E   ImportError: cannot import name 'str' from 'typing' (/usr/local/Cellar/python@3.11/3.11.14_1/Frameworks/Python.framework/Versions/3.11/lib/python3.11/typing.py)
_______________ ERROR collecting tests/rag/unit/test_scanner.py ________________
ImportError while importing test module '/Users/apple/project/runReview/tests/rag/unit/test_scanner.py'.
Hint: make sure your test modules/packages have valid Python names.
Traceback:
/usr/local/Cellar/python@3.11/3.11.14_1/Frameworks/Python.framework/Versions/3.11/lib/python3.11/importlib/__init__.py:126: in import_module
    return _bootstrap._gcd_import(name[level:], package, level)
           ^^^^^^^^^^^^^^^^^^^^^^^^^^^^^^^^^^^^^^^^^^^^^^^^^^^^
tests/rag/unit/test_scanner.py:9: in <module>
    from app.rag.ingestion import CodebaseScanner
app/rag/ingestion/__init__.py:1: in <module>
    from .scanner import CodebaseScanner, ScannedFile
app/rag/ingestion/scanner.py:11: in <module>
    from app.rag.utils import compute_content_hash, get_logger
app/rag/utils/__init__.py:3: in <module>
    from .tokens import count_tokens, truncate_to_tokens
app/rag/utils/tokens.py:2: in <module>
    from typing import str
E   ImportError: cannot import name 'str' from 'typing' (/usr/local/Cellar/python@3.11/3.11.14_1/Frameworks/Python.framework/Versions/3.11/lib/python3.11/typing.py)
_______________ ERROR collecting tests/rag/unit/test_storage.py ________________
ImportError while importing test module '/Users/apple/project/runReview/tests/rag/unit/test_storage.py'.
Hint: make sure your test modules/packages have valid Python names.
Traceback:
/usr/local/Cellar/python@3.11/3.11.14_1/Frameworks/Python.framework/Versions/3.11/lib/python3.11/importlib/__init__.py:126: in import_module
    return _bootstrap._gcd_import(name[level:], package, level)
           ^^^^^^^^^^^^^^^^^^^^^^^^^^^^^^^^^^^^^^^^^^^^^^^^^^^^
tests/rag/unit/test_storage.py:7: in <module>
    from app.rag.chunking.models import Chunk, ChunkMetadata
app/rag/chunking/__init__.py:1: in <module>
    from .code_chunker import CodeChunker
app/rag/chunking/code_chunker.py:7: in <module>
    from app.rag.ingestion import ScannedFile
app/rag/ingestion/__init__.py:1: in <module>
    from .scanner import CodebaseScanner, ScannedFile
app/rag/ingestion/scanner.py:11: in <module>
    from app.rag.utils import compute_content_hash, get_logger
app/rag/utils/__init__.py:3: in <module>
    from .tokens import count_tokens, truncate_to_tokens
app/rag/utils/tokens.py:2: in <module>
    from typing import str
E   ImportError: cannot import name 'str' from 'typing' (/usr/local/Cellar/python@3.11/3.11.14_1/Frameworks/Python.framework/Versions/3.11/lib/python3.11/typing.py)
_______________ ERROR collecting tests/test_rerank_cloudflare.py _______________
ImportError while importing test module '/Users/apple/project/runReview/tests/test_rerank_cloudflare.py'.
Hint: make sure your test modules/packages have valid Python names.
Traceback:
/usr/local/Cellar/python@3.11/3.11.14_1/Frameworks/Python.framework/Versions/3.11/lib/python3.11/importlib/__init__.py:126: in import_module
    return _bootstrap._gcd_import(name[level:], package, level)
           ^^^^^^^^^^^^^^^^^^^^^^^^^^^^^^^^^^^^^^^^^^^^^^^^^^^^
tests/test_rerank_cloudflare.py:3: in <module>
    from app.rag.retrieval.rerank_providers.cloudflare import CloudflareReranker
app/rag/retrieval/__init__.py:1: in <module>
    from .retriever import CodeRetriever
app/rag/retrieval/retriever.py:9: in <module>
    from app.rag.embedding import EmbedderFactory, BaseEmbedder
app/rag/embedding/__init__.py:2: in <module>
    from .factory import EmbedderFactory
app/rag/embedding/factory.py:9: in <module>
    from .openai_embedder import OpenAIEmbedder
app/rag/embedding/openai_embedder.py:9: in <module>
    from app.rag.utils import get_logger
app/rag/utils/__init__.py:3: in <module>
    from .tokens import count_tokens, truncate_to_tokens
app/rag/utils/tokens.py:2: in <module>
    from typing import str
E   ImportError: cannot import name 'str' from 'typing' (/usr/local/Cellar/python@3.11/3.11.14_1/Frameworks/Python.framework/Versions/3.11/lib/python3.11/typing.py)
_______________ ERROR collecting tests/test_reranker_failover.py _______________
ImportError while importing test module '/Users/apple/project/runReview/tests/test_reranker_failover.py'.
Hint: make sure your test modules/packages have valid Python names.
Traceback:
/usr/local/Cellar/python@3.11/3.11.14_1/Frameworks/Python.framework/Versions/3.11/lib/python3.11/importlib/__init__.py:126: in import_module
    return _bootstrap._gcd_import(name[level:], package, level)
           ^^^^^^^^^^^^^^^^^^^^^^^^^^^^^^^^^^^^^^^^^^^^^^^^^^^^
tests/test_reranker_failover.py:4: in <module>
    from app.rag.retrieval.rerank_providers.cloudflare import CloudflareReranker
app/rag/retrieval/__init__.py:1: in <module>
    from .retriever import CodeRetriever
app/rag/retrieval/retriever.py:9: in <module>
    from app.rag.embedding import EmbedderFactory, BaseEmbedder
app/rag/embedding/__init__.py:2: in <module>
    from .factory import EmbedderFactory
app/rag/embedding/factory.py:9: in <module>
    from .openai_embedder import OpenAIEmbedder
app/rag/embedding/openai_embedder.py:9: in <module>
    from app.rag.utils import get_logger
app/rag/utils/__init__.py:3: in <module>
    from .tokens import count_tokens, truncate_to_tokens
app/rag/utils/tokens.py:2: in <module>
    from typing import str
E   ImportError: cannot import name 'str' from 'typing' (/usr/local/Cellar/python@3.11/3.11.14_1/Frameworks/Python.framework/Versions/3.11/lib/python3.11/typing.py)
_______________ ERROR collecting tests/unit/test_agent_tools.py ________________
ImportError while importing test module '/Users/apple/project/runReview/tests/unit/test_agent_tools.py'.
Hint: make sure your test modules/packages have valid Python names.
Traceback:
/usr/local/Cellar/python@3.11/3.11.14_1/Frameworks/Python.framework/Versions/3.11/lib/python3.11/importlib/__init__.py:126: in import_module
    return _bootstrap._gcd_import(name[level:], package, level)
           ^^^^^^^^^^^^^^^^^^^^^^^^^^^^^^^^^^^^^^^^^^^^^^^^^^^^
tests/unit/test_agent_tools.py:4: in <module>
    from app.agents.tools.retrieve import get_retrieve_schema, execute_retrieve
app/agents/tools/__init__.py:2: in <module>
    from app.agents.tools.retrieve import get_retrieve_schema, execute_retrieve
app/agents/tools/retrieve.py:2: in <module>
    from app.rag.pipeline.query_pipeline import QueryPipeline
app/rag/pipeline/__init__.py:1: in <module>
    from .ingestion_pipeline import IngestionPipeline
app/rag/pipeline/ingestion_pipeline.py:14: in <module>
    from app.rag.chunking import CodeChunker
app/rag/chunking/__init__.py:1: in <module>
    from .code_chunker import CodeChunker
app/rag/chunking/code_chunker.py:7: in <module>
    from app.rag.ingestion import ScannedFile
app/rag/ingestion/__init__.py:1: in <module>
    from .scanner import CodebaseScanner, ScannedFile
app/rag/ingestion/scanner.py:11: in <module>
    from app.rag.utils import compute_content_hash, get_logger
app/rag/utils/__init__.py:3: in <module>
    from .tokens import count_tokens, truncate_to_tokens
app/rag/utils/tokens.py:2: in <module>
    from typing import str
E   ImportError: cannot import name 'str' from 'typing' (/usr/local/Cellar/python@3.11/3.11.14_1/Frameworks/Python.framework/Versions/3.11/lib/python3.11/typing.py)
________________ ERROR collecting tests/unit/test_js_parser.py _________________
ImportError while importing test module '/Users/apple/project/runReview/tests/unit/test_js_parser.py'.
Hint: make sure your test modules/packages have valid Python names.
Traceback:
/usr/local/Cellar/python@3.11/3.11.14_1/Frameworks/Python.framework/Versions/3.11/lib/python3.11/importlib/__init__.py:126: in import_module
    return _bootstrap._gcd_import(name[level:], package, level)
           ^^^^^^^^^^^^^^^^^^^^^^^^^^^^^^^^^^^^^^^^^^^^^^^^^^^^
tests/unit/test_js_parser.py:4: in <module>
    from app.rag.ingestion.parsers.javascript_parser import JavaScriptParser
app/rag/ingestion/__init__.py:1: in <module>
    from .scanner import CodebaseScanner, ScannedFile
app/rag/ingestion/scanner.py:11: in <module>
    from app.rag.utils import compute_content_hash, get_logger
app/rag/utils/__init__.py:3: in <module>
    from .tokens import count_tokens, truncate_to_tokens
app/rag/utils/tokens.py:2: in <module>
    from typing import str
E   ImportError: cannot import name 'str' from 'typing' (/usr/local/Cellar/python@3.11/3.11.14_1/Frameworks/Python.framework/Versions/3.11/lib/python3.11/typing.py)
____________ ERROR collecting tests/unit/test_project_awareness.py _____________
ImportError while importing test module '/Users/apple/project/runReview/tests/unit/test_project_awareness.py'.
Hint: make sure your test modules/packages have valid Python names.
Traceback:
/usr/local/Cellar/python@3.11/3.11.14_1/Frameworks/Python.framework/Versions/3.11/lib/python3.11/importlib/__init__.py:126: in import_module
    return _bootstrap._gcd_import(name[level:], package, level)
           ^^^^^^^^^^^^^^^^^^^^^^^^^^^^^^^^^^^^^^^^^^^^^^^^^^^^
tests/unit/test_project_awareness.py:9: in <module>
    from app.rag.context import ContextualRetriever
app/rag/context/__init__.py:1: in <module>
    from .contextual_retrieval import ContextualRetriever
app/rag/context/contextual_retrieval.py:16: in <module>
    from app.rag.chunking.models import Chunk
app/rag/chunking/__init__.py:1: in <module>
    from .code_chunker import CodeChunker
app/rag/chunking/code_chunker.py:7: in <module>
    from app.rag.ingestion import ScannedFile
app/rag/ingestion/__init__.py:1: in <module>
    from .scanner import CodebaseScanner, ScannedFile
app/rag/ingestion/scanner.py:11: in <module>
    from app.rag.utils import compute_content_hash, get_logger
app/rag/utils/__init__.py:3: in <module>
    from .tokens import count_tokens, truncate_to_tokens
app/rag/utils/tokens.py:2: in <module>
    from typing import str
E   ImportError: cannot import name 'str' from 'typing' (/usr/local/Cellar/python@3.11/3.11.14_1/Frameworks/Python.framework/Versions/3.11/lib/python3.11/typing.py)
=========================== short test summary info ============================
ERROR tests/rag/unit/test_chunking.py
ERROR tests/rag/unit/test_context.py
ERROR tests/rag/unit/test_embedding.py
ERROR tests/rag/unit/test_scanner.py
ERROR tests/rag/unit/test_storage.py
ERROR tests/test_rerank_cloudflare.py
ERROR tests/test_reranker_failover.py
ERROR tests/unit/test_agent_tools.py
ERROR tests/unit/test_js_parser.py
ERROR tests/unit/test_project_awareness.py
!!!!!!!!!!!!!!!!!!!!!!!!!! stopping after 10 failures !!!!!!!!!!!!!!!!!!!!!!!!!!
============================== 10 errors in 1.83s ==============================
